2024-09-07 00:04:13.060 +03:00 [INF] Request starting HTTP/2 POST https://localhost:44319/api/Users/login - multipart/form-data; boundary=----WebKitFormBoundarykqNaHBTimRwNU9mu 246
2024-09-07 00:04:13.113 +03:00 [INF] Executing endpoint 'E_Commerce_Clothes.Controllers.UsersController.Login (E_Commerce_Clothes)'
2024-09-07 00:04:13.113 +03:00 [INF] Route matched with {action = "Login", controller = "Users"}. Executing controller action with signature Microsoft.AspNetCore.Mvc.IActionResult Login(E_Commerce_Clothes.DTO.LoginDTO) on controller E_Commerce_Clothes.Controllers.UsersController (E_Commerce_Clothes).
2024-09-07 00:04:13.162 +03:00 [INF] Executed DbCommand (4ms) [Parameters=[@__model_Email_0='?' (Size = 255) (DbType = AnsiString)], CommandType='"Text"', CommandTimeout='30']
SELECT TOP(1) [u].[user_id], [u].[address], [u].[email], [u].[image], [u].[name], [u].[password], [u].[passwordHash], [u].[passwordSalt], [u].[phone_number], [u].[points]
FROM [Users] AS [u]
WHERE [u].[email] = @__model_Email_0
2024-09-07 00:04:13.163 +03:00 [INF] Executing OkObjectResult, writing value of type 'System.String'.
2024-09-07 00:04:13.164 +03:00 [INF] Executed action E_Commerce_Clothes.Controllers.UsersController.Login (E_Commerce_Clothes) in 46.0045ms
2024-09-07 00:04:13.164 +03:00 [INF] Executed endpoint 'E_Commerce_Clothes.Controllers.UsersController.Login (E_Commerce_Clothes)'
2024-09-07 00:04:13.164 +03:00 [INF] Request finished HTTP/2 POST https://localhost:44319/api/Users/login - 200 null text/plain; charset=utf-8 107.0563ms
2024-09-07 00:06:34.795 +03:00 [INF] User profile is available. Using 'C:\Users\Orange\AppData\Local\ASP.NET\DataProtection-Keys' as key repository and Windows DPAPI to encrypt keys at rest.
2024-09-07 00:06:34.937 +03:00 [INF] Application started. Press Ctrl+C to shut down.
2024-09-07 00:06:34.941 +03:00 [INF] Hosting environment: Development
2024-09-07 00:06:34.941 +03:00 [INF] Content root path: C:\Users\Orange\Desktop\project-7\Back\E_Commerce_Clothes\E_Commerce_Clothes
2024-09-07 00:06:34.960 +03:00 [INF] Request starting HTTP/2 GET https://localhost:44319/swagger/index.html - null null
2024-09-07 00:06:35.164 +03:00 [INF] Request starting HTTP/2 GET https://localhost:44319/_vs/browserLink - null null
2024-09-07 00:06:35.164 +03:00 [INF] Request starting HTTP/2 GET https://localhost:44319/_framework/aspnetcore-browser-refresh.js - null null
2024-09-07 00:06:35.165 +03:00 [INF] Request finished HTTP/2 GET https://localhost:44319/swagger/index.html - 200 null text/html;charset=utf-8 207.7587ms
2024-09-07 00:06:35.172 +03:00 [INF] Request finished HTTP/2 GET https://localhost:44319/_framework/aspnetcore-browser-refresh.js - 200 13772 application/javascript; charset=utf-8 4.4676ms
2024-09-07 00:06:35.206 +03:00 [INF] Request finished HTTP/2 GET https://localhost:44319/_vs/browserLink - 200 null text/javascript; charset=UTF-8 41.7458ms
2024-09-07 00:06:35.258 +03:00 [INF] Request starting HTTP/2 GET https://localhost:44319/swagger/v1/swagger.json - null null
2024-09-07 00:06:35.365 +03:00 [INF] Request finished HTTP/2 GET https://localhost:44319/swagger/v1/swagger.json - 200 null application/json;charset=utf-8 106.5952ms
2024-09-07 00:07:08.764 +03:00 [INF] Request starting HTTP/2 POST https://localhost:44319/api/Users/login - multipart/form-data; boundary=----WebKitFormBoundarywJC1owLABCNO4Ziw 246
2024-09-07 00:07:08.811 +03:00 [INF] Executing endpoint 'E_Commerce_Clothes.Controllers.UsersController.Login (E_Commerce_Clothes)'
2024-09-07 00:07:08.823 +03:00 [INF] Route matched with {action = "Login", controller = "Users"}. Executing controller action with signature Microsoft.AspNetCore.Mvc.IActionResult Login(E_Commerce_Clothes.DTO.LoginDTO) on controller E_Commerce_Clothes.Controllers.UsersController (E_Commerce_Clothes).
2024-09-07 00:07:09.815 +03:00 [INF] Executed DbCommand (24ms) [Parameters=[@__model_Email_0='?' (Size = 255) (DbType = AnsiString)], CommandType='"Text"', CommandTimeout='30']
SELECT TOP(1) [u].[user_id], [u].[address], [u].[email], [u].[image], [u].[name], [u].[password], [u].[passwordHash], [u].[passwordSalt], [u].[phone_number], [u].[points]
FROM [Users] AS [u]
WHERE [u].[email] = @__model_Email_0
2024-09-07 00:07:09.876 +03:00 [INF] Executing OkObjectResult, writing value of type 'System.String'.
2024-09-07 00:07:09.880 +03:00 [INF] Executed action E_Commerce_Clothes.Controllers.UsersController.Login (E_Commerce_Clothes) in 1054.0359ms
2024-09-07 00:07:09.880 +03:00 [INF] Executed endpoint 'E_Commerce_Clothes.Controllers.UsersController.Login (E_Commerce_Clothes)'
2024-09-07 00:07:09.885 +03:00 [INF] Request finished HTTP/2 POST https://localhost:44319/api/Users/login - 200 null text/plain; charset=utf-8 1121.1866ms
2024-09-07 00:07:12.181 +03:00 [INF] Request starting HTTP/2 POST https://localhost:44319/api/Users/login - multipart/form-data; boundary=----WebKitFormBoundaryFo273HUx39fKB453 246
2024-09-07 00:07:12.183 +03:00 [INF] Executing endpoint 'E_Commerce_Clothes.Controllers.UsersController.Login (E_Commerce_Clothes)'
2024-09-07 00:07:12.183 +03:00 [INF] Route matched with {action = "Login", controller = "Users"}. Executing controller action with signature Microsoft.AspNetCore.Mvc.IActionResult Login(E_Commerce_Clothes.DTO.LoginDTO) on controller E_Commerce_Clothes.Controllers.UsersController (E_Commerce_Clothes).
2024-09-07 00:07:12.197 +03:00 [INF] Executed DbCommand (2ms) [Parameters=[@__model_Email_0='?' (Size = 255) (DbType = AnsiString)], CommandType='"Text"', CommandTimeout='30']
SELECT TOP(1) [u].[user_id], [u].[address], [u].[email], [u].[image], [u].[name], [u].[password], [u].[passwordHash], [u].[passwordSalt], [u].[phone_number], [u].[points]
FROM [Users] AS [u]
WHERE [u].[email] = @__model_Email_0
2024-09-07 00:07:12.199 +03:00 [INF] Executing OkObjectResult, writing value of type 'System.String'.
2024-09-07 00:07:12.199 +03:00 [INF] Executed action E_Commerce_Clothes.Controllers.UsersController.Login (E_Commerce_Clothes) in 16.0723ms
2024-09-07 00:07:12.199 +03:00 [INF] Executed endpoint 'E_Commerce_Clothes.Controllers.UsersController.Login (E_Commerce_Clothes)'
2024-09-07 00:07:12.200 +03:00 [INF] Request finished HTTP/2 POST https://localhost:44319/api/Users/login - 200 null text/plain; charset=utf-8 18.7797ms
2024-09-07 00:07:12.332 +03:00 [INF] Request starting HTTP/2 POST https://localhost:44319/api/Users/login - multipart/form-data; boundary=----WebKitFormBoundaryaAww5UNUcA0Vgd2m 246
2024-09-07 00:07:12.334 +03:00 [INF] Executing endpoint 'E_Commerce_Clothes.Controllers.UsersController.Login (E_Commerce_Clothes)'
2024-09-07 00:07:12.335 +03:00 [INF] Route matched with {action = "Login", controller = "Users"}. Executing controller action with signature Microsoft.AspNetCore.Mvc.IActionResult Login(E_Commerce_Clothes.DTO.LoginDTO) on controller E_Commerce_Clothes.Controllers.UsersController (E_Commerce_Clothes).
2024-09-07 00:07:12.373 +03:00 [INF] Executed DbCommand (0ms) [Parameters=[@__model_Email_0='?' (Size = 255) (DbType = AnsiString)], CommandType='"Text"', CommandTimeout='30']
SELECT TOP(1) [u].[user_id], [u].[address], [u].[email], [u].[image], [u].[name], [u].[password], [u].[passwordHash], [u].[passwordSalt], [u].[phone_number], [u].[points]
FROM [Users] AS [u]
WHERE [u].[email] = @__model_Email_0
2024-09-07 00:07:12.373 +03:00 [INF] Executing OkObjectResult, writing value of type 'System.String'.
2024-09-07 00:07:12.374 +03:00 [INF] Executed action E_Commerce_Clothes.Controllers.UsersController.Login (E_Commerce_Clothes) in 39.3226ms
2024-09-07 00:07:12.374 +03:00 [INF] Executed endpoint 'E_Commerce_Clothes.Controllers.UsersController.Login (E_Commerce_Clothes)'
2024-09-07 00:07:12.375 +03:00 [INF] Request finished HTTP/2 POST https://localhost:44319/api/Users/login - 200 null text/plain; charset=utf-8 42.1867ms
2024-09-07 00:07:12.600 +03:00 [INF] Request starting HTTP/2 POST https://localhost:44319/api/Users/login - multipart/form-data; boundary=----WebKitFormBoundarymckakPq5TjGUnai1 246
2024-09-07 00:07:12.601 +03:00 [INF] Executing endpoint 'E_Commerce_Clothes.Controllers.UsersController.Login (E_Commerce_Clothes)'
2024-09-07 00:07:12.601 +03:00 [INF] Route matched with {action = "Login", controller = "Users"}. Executing controller action with signature Microsoft.AspNetCore.Mvc.IActionResult Login(E_Commerce_Clothes.DTO.LoginDTO) on controller E_Commerce_Clothes.Controllers.UsersController (E_Commerce_Clothes).
2024-09-07 00:07:12.603 +03:00 [INF] Executed DbCommand (0ms) [Parameters=[@__model_Email_0='?' (Size = 255) (DbType = AnsiString)], CommandType='"Text"', CommandTimeout='30']
SELECT TOP(1) [u].[user_id], [u].[address], [u].[email], [u].[image], [u].[name], [u].[password], [u].[passwordHash], [u].[passwordSalt], [u].[phone_number], [u].[points]
FROM [Users] AS [u]
WHERE [u].[email] = @__model_Email_0
2024-09-07 00:07:12.603 +03:00 [INF] Executing OkObjectResult, writing value of type 'System.String'.
2024-09-07 00:07:12.604 +03:00 [INF] Executed action E_Commerce_Clothes.Controllers.UsersController.Login (E_Commerce_Clothes) in 2.7331ms
2024-09-07 00:07:12.604 +03:00 [INF] Executed endpoint 'E_Commerce_Clothes.Controllers.UsersController.Login (E_Commerce_Clothes)'
2024-09-07 00:07:12.604 +03:00 [INF] Request finished HTTP/2 POST https://localhost:44319/api/Users/login - 200 null text/plain; charset=utf-8 4.2655ms
2024-09-07 00:07:15.717 +03:00 [INF] Request starting HTTP/2 POST https://localhost:44319/api/Users/login - multipart/form-data; boundary=----WebKitFormBoundarybqUVcbYv7CADvKvg 246
2024-09-07 00:07:15.717 +03:00 [INF] Executing endpoint 'E_Commerce_Clothes.Controllers.UsersController.Login (E_Commerce_Clothes)'
2024-09-07 00:07:15.717 +03:00 [INF] Route matched with {action = "Login", controller = "Users"}. Executing controller action with signature Microsoft.AspNetCore.Mvc.IActionResult Login(E_Commerce_Clothes.DTO.LoginDTO) on controller E_Commerce_Clothes.Controllers.UsersController (E_Commerce_Clothes).
2024-09-07 00:07:15.722 +03:00 [INF] Executed DbCommand (2ms) [Parameters=[@__model_Email_0='?' (Size = 255) (DbType = AnsiString)], CommandType='"Text"', CommandTimeout='30']
SELECT TOP(1) [u].[user_id], [u].[address], [u].[email], [u].[image], [u].[name], [u].[password], [u].[passwordHash], [u].[passwordSalt], [u].[phone_number], [u].[points]
FROM [Users] AS [u]
WHERE [u].[email] = @__model_Email_0
2024-09-07 00:07:15.723 +03:00 [INF] Executing OkObjectResult, writing value of type 'System.String'.
2024-09-07 00:07:15.724 +03:00 [INF] Executed action E_Commerce_Clothes.Controllers.UsersController.Login (E_Commerce_Clothes) in 6.1334ms
2024-09-07 00:07:15.724 +03:00 [INF] Executed endpoint 'E_Commerce_Clothes.Controllers.UsersController.Login (E_Commerce_Clothes)'
2024-09-07 00:07:15.724 +03:00 [INF] Request finished HTTP/2 POST https://localhost:44319/api/Users/login - 200 null text/plain; charset=utf-8 7.4686ms
2024-09-07 00:07:27.056 +03:00 [INF] Request starting HTTP/2 POST https://localhost:44319/api/Users/login - multipart/form-data; boundary=----WebKitFormBoundaryS9ImB4q20Wg2z0b3 231
2024-09-07 00:07:27.057 +03:00 [INF] Executing endpoint 'E_Commerce_Clothes.Controllers.UsersController.Login (E_Commerce_Clothes)'
2024-09-07 00:07:27.057 +03:00 [INF] Route matched with {action = "Login", controller = "Users"}. Executing controller action with signature Microsoft.AspNetCore.Mvc.IActionResult Login(E_Commerce_Clothes.DTO.LoginDTO) on controller E_Commerce_Clothes.Controllers.UsersController (E_Commerce_Clothes).
2024-09-07 00:07:27.062 +03:00 [INF] Executing BadRequestObjectResult, writing value of type 'Microsoft.AspNetCore.Mvc.ValidationProblemDetails'.
2024-09-07 00:07:27.085 +03:00 [INF] Executed action E_Commerce_Clothes.Controllers.UsersController.Login (E_Commerce_Clothes) in 27.3643ms
2024-09-07 00:07:27.085 +03:00 [INF] Executed endpoint 'E_Commerce_Clothes.Controllers.UsersController.Login (E_Commerce_Clothes)'
2024-09-07 00:07:27.085 +03:00 [INF] Request finished HTTP/2 POST https://localhost:44319/api/Users/login - 400 null application/problem+json; charset=utf-8 28.656ms
2024-09-07 00:10:06.833 +03:00 [INF] User profile is available. Using 'C:\Users\Orange\AppData\Local\ASP.NET\DataProtection-Keys' as key repository and Windows DPAPI to encrypt keys at rest.
2024-09-07 00:10:07.050 +03:00 [INF] Application started. Press Ctrl+C to shut down.
2024-09-07 00:10:07.055 +03:00 [INF] Hosting environment: Development
2024-09-07 00:10:07.055 +03:00 [INF] Content root path: C:\Users\Orange\Desktop\project-7\Back\E_Commerce_Clothes\E_Commerce_Clothes
2024-09-07 00:10:07.078 +03:00 [INF] Request starting HTTP/2 GET https://localhost:44319/swagger/index.html - null null
2024-09-07 00:10:07.297 +03:00 [INF] Request starting HTTP/2 GET https://localhost:44319/_vs/browserLink - null null
2024-09-07 00:10:07.297 +03:00 [INF] Request starting HTTP/2 GET https://localhost:44319/_framework/aspnetcore-browser-refresh.js - null null
2024-09-07 00:10:07.298 +03:00 [INF] Request finished HTTP/2 GET https://localhost:44319/swagger/index.html - 200 null text/html;charset=utf-8 224.6823ms
2024-09-07 00:10:07.305 +03:00 [INF] Request finished HTTP/2 GET https://localhost:44319/_framework/aspnetcore-browser-refresh.js - 200 13772 application/javascript; charset=utf-8 3.6934ms
2024-09-07 00:10:07.339 +03:00 [INF] Request finished HTTP/2 GET https://localhost:44319/_vs/browserLink - 200 null text/javascript; charset=UTF-8 41.8823ms
2024-09-07 00:10:07.385 +03:00 [INF] Request starting HTTP/2 GET https://localhost:44319/swagger/v1/swagger.json - null null
2024-09-07 00:10:07.497 +03:00 [INF] Request finished HTTP/2 GET https://localhost:44319/swagger/v1/swagger.json - 200 null application/json;charset=utf-8 112.1521ms
2024-09-07 00:10:42.155 +03:00 [INF] Request starting HTTP/2 POST https://localhost:44319/api/Users/login - multipart/form-data; boundary=----WebKitFormBoundary0Xcf1bxy6zBn6xb4 246
2024-09-07 00:10:42.228 +03:00 [INF] Executing endpoint 'E_Commerce_Clothes.Controllers.UsersController.Login (E_Commerce_Clothes)'
2024-09-07 00:10:42.242 +03:00 [INF] Route matched with {action = "Login", controller = "Users"}. Executing controller action with signature Microsoft.AspNetCore.Mvc.IActionResult Login(E_Commerce_Clothes.DTO.LoginDTO) on controller E_Commerce_Clothes.Controllers.UsersController (E_Commerce_Clothes).
2024-09-07 00:10:43.285 +03:00 [INF] Executed DbCommand (29ms) [Parameters=[@__model_Email_0='?' (Size = 255) (DbType = AnsiString)], CommandType='"Text"', CommandTimeout='30']
SELECT TOP(1) [u].[user_id], [u].[address], [u].[email], [u].[image], [u].[name], [u].[password], [u].[passwordHash], [u].[passwordSalt], [u].[phone_number], [u].[points]
FROM [Users] AS [u]
WHERE [u].[email] = @__model_Email_0
2024-09-07 00:10:43.348 +03:00 [INF] Executing OkObjectResult, writing value of type 'System.String'.
2024-09-07 00:10:43.355 +03:00 [INF] Executed action E_Commerce_Clothes.Controllers.UsersController.Login (E_Commerce_Clothes) in 1108.567ms
2024-09-07 00:10:43.355 +03:00 [INF] Executed endpoint 'E_Commerce_Clothes.Controllers.UsersController.Login (E_Commerce_Clothes)'
2024-09-07 00:10:43.365 +03:00 [INF] Request finished HTTP/2 POST https://localhost:44319/api/Users/login - 200 null text/plain; charset=utf-8 1209.6027ms
2024-09-07 00:12:26.096 +03:00 [INF] User profile is available. Using 'C:\Users\Orange\AppData\Local\ASP.NET\DataProtection-Keys' as key repository and Windows DPAPI to encrypt keys at rest.
2024-09-07 00:12:26.538 +03:00 [INF] Application started. Press Ctrl+C to shut down.
2024-09-07 00:12:26.539 +03:00 [INF] Hosting environment: Development
2024-09-07 00:12:26.539 +03:00 [INF] Content root path: C:\Users\Orange\Desktop\project-7\Back\E_Commerce_Clothes\E_Commerce_Clothes
2024-09-07 00:12:26.751 +03:00 [INF] Request starting HTTP/2 GET https://localhost:44319/swagger/index.html - null null
2024-09-07 00:12:27.028 +03:00 [INF] Request finished HTTP/2 GET https://localhost:44319/swagger/index.html - 200 null text/html;charset=utf-8 279.5062ms
2024-09-07 00:12:27.032 +03:00 [INF] Request starting HTTP/2 GET https://localhost:44319/_framework/aspnetcore-browser-refresh.js - null null
2024-09-07 00:12:27.039 +03:00 [INF] Request starting HTTP/2 GET https://localhost:44319/_vs/browserLink - null null
2024-09-07 00:12:27.046 +03:00 [INF] Request finished HTTP/2 GET https://localhost:44319/_framework/aspnetcore-browser-refresh.js - 200 13772 application/javascript; charset=utf-8 10.8549ms
2024-09-07 00:12:27.076 +03:00 [INF] Request finished HTTP/2 GET https://localhost:44319/_vs/browserLink - 200 null text/javascript; charset=UTF-8 37.8587ms
2024-09-07 00:12:27.124 +03:00 [INF] Request starting HTTP/2 GET https://localhost:44319/swagger/v1/swagger.json - null null
2024-09-07 00:12:27.232 +03:00 [INF] Request finished HTTP/2 GET https://localhost:44319/swagger/v1/swagger.json - 200 null application/json;charset=utf-8 108.2268ms
2024-09-07 00:13:05.233 +03:00 [INF] Request starting HTTP/2 POST https://localhost:44319/api/Users/login - multipart/form-data; boundary=----WebKitFormBoundary6YRmqaFKKSvdSFi1 246
2024-09-07 00:13:05.325 +03:00 [INF] Executing endpoint 'E_Commerce_Clothes.Controllers.UsersController.Login (E_Commerce_Clothes)'
2024-09-07 00:13:05.338 +03:00 [INF] Route matched with {action = "Login", controller = "Users"}. Executing controller action with signature Microsoft.AspNetCore.Mvc.IActionResult Login(E_Commerce_Clothes.DTO.LoginDTO) on controller E_Commerce_Clothes.Controllers.UsersController (E_Commerce_Clothes).
2024-09-07 00:13:06.822 +03:00 [INF] Executed DbCommand (27ms) [Parameters=[@__model_Email_0='?' (Size = 255) (DbType = AnsiString)], CommandType='"Text"', CommandTimeout='30']
SELECT TOP(1) [u].[user_id], [u].[address], [u].[email], [u].[image], [u].[name], [u].[password], [u].[passwordHash], [u].[passwordSalt], [u].[phone_number], [u].[points]
FROM [Users] AS [u]
WHERE [u].[email] = @__model_Email_0
2024-09-07 00:13:06.882 +03:00 [INF] Executing OkObjectResult, writing value of type 'System.String'.
2024-09-07 00:13:06.890 +03:00 [INF] Executed action E_Commerce_Clothes.Controllers.UsersController.Login (E_Commerce_Clothes) in 1545.5665ms
2024-09-07 00:13:06.890 +03:00 [INF] Executed endpoint 'E_Commerce_Clothes.Controllers.UsersController.Login (E_Commerce_Clothes)'
2024-09-07 00:13:06.897 +03:00 [INF] Request finished HTTP/2 POST https://localhost:44319/api/Users/login - 200 null text/plain; charset=utf-8 1664.169ms
2024-09-07 00:15:14.510 +03:00 [INF] User profile is available. Using 'C:\Users\Orange\AppData\Local\ASP.NET\DataProtection-Keys' as key repository and Windows DPAPI to encrypt keys at rest.
2024-09-07 00:15:14.647 +03:00 [INF] Application started. Press Ctrl+C to shut down.
2024-09-07 00:15:14.653 +03:00 [INF] Hosting environment: Development
2024-09-07 00:15:14.658 +03:00 [INF] Content root path: C:\Users\Orange\Desktop\project-7\Back\E_Commerce_Clothes\E_Commerce_Clothes
2024-09-07 00:15:14.674 +03:00 [INF] Request starting HTTP/2 GET https://localhost:44319/swagger/index.html - null null
2024-09-07 00:15:14.878 +03:00 [INF] Request finished HTTP/2 GET https://localhost:44319/swagger/index.html - 200 null text/html;charset=utf-8 207.3617ms
2024-09-07 00:15:14.882 +03:00 [INF] Request starting HTTP/2 GET https://localhost:44319/_framework/aspnetcore-browser-refresh.js - null null
2024-09-07 00:15:14.883 +03:00 [INF] Request starting HTTP/2 GET https://localhost:44319/_vs/browserLink - null null
2024-09-07 00:15:14.895 +03:00 [INF] Request finished HTTP/2 GET https://localhost:44319/_framework/aspnetcore-browser-refresh.js - 200 13772 application/javascript; charset=utf-8 8.7625ms
2024-09-07 00:15:14.924 +03:00 [INF] Request finished HTTP/2 GET https://localhost:44319/_vs/browserLink - 200 null text/javascript; charset=UTF-8 41.0025ms
2024-09-07 00:15:14.972 +03:00 [INF] Request starting HTTP/2 GET https://localhost:44319/swagger/v1/swagger.json - null null
2024-09-07 00:15:15.081 +03:00 [INF] Request finished HTTP/2 GET https://localhost:44319/swagger/v1/swagger.json - 200 null application/json;charset=utf-8 108.9553ms
2024-09-07 00:15:30.579 +03:00 [INF] Request starting HTTP/2 POST https://localhost:44319/api/Users/login - multipart/form-data; boundary=----WebKitFormBoundarykwY7tZ3t1iMEnhmb 247
2024-09-07 00:15:30.630 +03:00 [INF] Executing endpoint 'E_Commerce_Clothes.Controllers.UsersController.Login (E_Commerce_Clothes)'
2024-09-07 00:15:30.644 +03:00 [INF] Route matched with {action = "Login", controller = "Users"}. Executing controller action with signature Microsoft.AspNetCore.Mvc.IActionResult Login(E_Commerce_Clothes.DTO.LoginDTO) on controller E_Commerce_Clothes.Controllers.UsersController (E_Commerce_Clothes).
2024-09-07 00:15:34.972 +03:00 [INF] Executed DbCommand (32ms) [Parameters=[@__model_Email_0='?' (Size = 255) (DbType = AnsiString)], CommandType='"Text"', CommandTimeout='30']
SELECT TOP(1) [u].[user_id], [u].[address], [u].[email], [u].[image], [u].[name], [u].[password], [u].[passwordHash], [u].[passwordSalt], [u].[phone_number], [u].[points]
FROM [Users] AS [u]
WHERE [u].[email] = @__model_Email_0
2024-09-07 00:18:21.289 +03:00 [INF] Executing UnauthorizedObjectResult, writing value of type 'System.String'.
2024-09-07 00:18:21.294 +03:00 [INF] Executed action E_Commerce_Clothes.Controllers.UsersController.Login (E_Commerce_Clothes) in 170646.4371ms
2024-09-07 00:18:21.295 +03:00 [INF] Executed endpoint 'E_Commerce_Clothes.Controllers.UsersController.Login (E_Commerce_Clothes)'
2024-09-07 00:18:21.300 +03:00 [INF] Request finished HTTP/2 POST https://localhost:44319/api/Users/login - 401 null text/plain; charset=utf-8 170720.9703ms
2024-09-07 00:18:37.127 +03:00 [INF] Request starting HTTP/2 POST https://localhost:44319/api/Users/login - multipart/form-data; boundary=----WebKitFormBoundarycdeWiMZbxjAxq0qW 246
2024-09-07 00:18:37.130 +03:00 [INF] Executing endpoint 'E_Commerce_Clothes.Controllers.UsersController.Login (E_Commerce_Clothes)'
2024-09-07 00:18:37.130 +03:00 [INF] Route matched with {action = "Login", controller = "Users"}. Executing controller action with signature Microsoft.AspNetCore.Mvc.IActionResult Login(E_Commerce_Clothes.DTO.LoginDTO) on controller E_Commerce_Clothes.Controllers.UsersController (E_Commerce_Clothes).
2024-09-07 00:18:42.387 +03:00 [INF] Executed DbCommand (4ms) [Parameters=[@__model_Email_0='?' (Size = 255) (DbType = AnsiString)], CommandType='"Text"', CommandTimeout='30']
SELECT TOP(1) [u].[user_id], [u].[address], [u].[email], [u].[image], [u].[name], [u].[password], [u].[passwordHash], [u].[passwordSalt], [u].[phone_number], [u].[points]
FROM [Users] AS [u]
WHERE [u].[email] = @__model_Email_0
2024-09-07 00:19:09.060 +03:00 [INF] Executing OkObjectResult, writing value of type 'System.String'.
2024-09-07 00:19:09.064 +03:00 [INF] Executed action E_Commerce_Clothes.Controllers.UsersController.Login (E_Commerce_Clothes) in 31933.3092ms
2024-09-07 00:19:09.064 +03:00 [INF] Executed endpoint 'E_Commerce_Clothes.Controllers.UsersController.Login (E_Commerce_Clothes)'
2024-09-07 00:19:09.064 +03:00 [INF] Request finished HTTP/2 POST https://localhost:44319/api/Users/login - 200 null text/plain; charset=utf-8 31937.0478ms
2024-09-07 00:19:37.418 +03:00 [INF] Request starting HTTP/2 POST https://localhost:44319/api/Users/login - multipart/form-data; boundary=----WebKitFormBoundaryBoeFc5IgCQYSPDVh 246
2024-09-07 00:19:37.420 +03:00 [INF] Executing endpoint 'E_Commerce_Clothes.Controllers.UsersController.Login (E_Commerce_Clothes)'
2024-09-07 00:19:37.421 +03:00 [INF] Route matched with {action = "Login", controller = "Users"}. Executing controller action with signature Microsoft.AspNetCore.Mvc.IActionResult Login(E_Commerce_Clothes.DTO.LoginDTO) on controller E_Commerce_Clothes.Controllers.UsersController (E_Commerce_Clothes).
2024-09-07 00:19:41.166 +03:00 [INF] Executed DbCommand (2ms) [Parameters=[@__model_Email_0='?' (Size = 255) (DbType = AnsiString)], CommandType='"Text"', CommandTimeout='30']
SELECT TOP(1) [u].[user_id], [u].[address], [u].[email], [u].[image], [u].[name], [u].[password], [u].[passwordHash], [u].[passwordSalt], [u].[phone_number], [u].[points]
FROM [Users] AS [u]
WHERE [u].[email] = @__model_Email_0
2024-09-07 00:19:50.928 +03:00 [INF] Executing OkObjectResult, writing value of type 'System.String'.
2024-09-07 00:19:50.929 +03:00 [INF] Executed action E_Commerce_Clothes.Controllers.UsersController.Login (E_Commerce_Clothes) in 13508.0421ms
2024-09-07 00:19:50.929 +03:00 [INF] Executed endpoint 'E_Commerce_Clothes.Controllers.UsersController.Login (E_Commerce_Clothes)'
2024-09-07 00:19:50.929 +03:00 [INF] Request finished HTTP/2 POST https://localhost:44319/api/Users/login - 200 null text/plain; charset=utf-8 13511.5927ms
2024-09-07 00:21:52.131 +03:00 [INF] User profile is available. Using 'C:\Users\Orange\AppData\Local\ASP.NET\DataProtection-Keys' as key repository and Windows DPAPI to encrypt keys at rest.
2024-09-07 00:21:52.340 +03:00 [INF] Application started. Press Ctrl+C to shut down.
2024-09-07 00:21:52.343 +03:00 [INF] Hosting environment: Development
2024-09-07 00:21:52.343 +03:00 [INF] Content root path: C:\Users\Orange\Desktop\project-7\Back\E_Commerce_Clothes\E_Commerce_Clothes
2024-09-07 00:21:52.372 +03:00 [INF] Request starting HTTP/2 GET https://localhost:44319/swagger/index.html - null null
2024-09-07 00:21:52.588 +03:00 [INF] Request finished HTTP/2 GET https://localhost:44319/swagger/index.html - 200 null text/html;charset=utf-8 219.5987ms
2024-09-07 00:21:52.599 +03:00 [INF] Request starting HTTP/2 GET https://localhost:44319/_framework/aspnetcore-browser-refresh.js - null null
2024-09-07 00:21:52.599 +03:00 [INF] Request starting HTTP/2 GET https://localhost:44319/_vs/browserLink - null null
2024-09-07 00:21:52.607 +03:00 [INF] Request finished HTTP/2 GET https://localhost:44319/_framework/aspnetcore-browser-refresh.js - 200 13772 application/javascript; charset=utf-8 5.1028ms
2024-09-07 00:21:52.641 +03:00 [INF] Request finished HTTP/2 GET https://localhost:44319/_vs/browserLink - 200 null text/javascript; charset=UTF-8 41.978ms
2024-09-07 00:21:52.679 +03:00 [INF] Request starting HTTP/2 GET https://localhost:44319/swagger/v1/swagger.json - null null
2024-09-07 00:21:52.786 +03:00 [INF] Request finished HTTP/2 GET https://localhost:44319/swagger/v1/swagger.json - 200 null application/json;charset=utf-8 104.1044ms
2024-09-07 00:22:18.985 +03:00 [INF] Request starting HTTP/2 POST https://localhost:44319/api/Users/login - multipart/form-data; boundary=----WebKitFormBoundarykMCfdCbZVcJEdjHR 246
2024-09-07 00:22:18.997 +03:00 [INF] CORS policy execution successful.
2024-09-07 00:22:19.041 +03:00 [INF] Executing endpoint 'E_Commerce_Clothes.Controllers.UsersController.Login (E_Commerce_Clothes)'
2024-09-07 00:22:19.057 +03:00 [INF] Route matched with {action = "Login", controller = "Users"}. Executing controller action with signature Microsoft.AspNetCore.Mvc.IActionResult Login(E_Commerce_Clothes.DTO.LoginDTO) on controller E_Commerce_Clothes.Controllers.UsersController (E_Commerce_Clothes).
2024-09-07 00:22:23.856 +03:00 [INF] Executed DbCommand (26ms) [Parameters=[@__model_Email_0='?' (Size = 255) (DbType = AnsiString)], CommandType='"Text"', CommandTimeout='30']
SELECT TOP(1) [u].[user_id], [u].[address], [u].[email], [u].[image], [u].[name], [u].[password], [u].[passwordHash], [u].[passwordSalt], [u].[phone_number], [u].[points]
FROM [Users] AS [u]
WHERE [u].[email] = @__model_Email_0
2024-09-07 00:22:27.056 +03:00 [INF] Executing OkObjectResult, writing value of type 'System.String'.
2024-09-07 00:22:27.060 +03:00 [INF] Executed action E_Commerce_Clothes.Controllers.UsersController.Login (E_Commerce_Clothes) in 8000.2809ms
2024-09-07 00:22:27.060 +03:00 [INF] Executed endpoint 'E_Commerce_Clothes.Controllers.UsersController.Login (E_Commerce_Clothes)'
2024-09-07 00:22:27.066 +03:00 [INF] Request finished HTTP/2 POST https://localhost:44319/api/Users/login - 200 null text/plain; charset=utf-8 8080.8374ms
2024-09-07 00:23:33.646 +03:00 [INF] Request starting HTTP/2 POST https://localhost:44319/api/Users/login - multipart/form-data; boundary=----WebKitFormBoundaryIg4X6pnktYaLhRdG 246
2024-09-07 00:23:33.649 +03:00 [INF] CORS policy execution successful.
2024-09-07 00:23:33.653 +03:00 [INF] Executing endpoint 'E_Commerce_Clothes.Controllers.UsersController.Login (E_Commerce_Clothes)'
2024-09-07 00:23:33.654 +03:00 [INF] Route matched with {action = "Login", controller = "Users"}. Executing controller action with signature Microsoft.AspNetCore.Mvc.IActionResult Login(E_Commerce_Clothes.DTO.LoginDTO) on controller E_Commerce_Clothes.Controllers.UsersController (E_Commerce_Clothes).
2024-09-07 00:23:36.079 +03:00 [INF] Executed DbCommand (2ms) [Parameters=[@__model_Email_0='?' (Size = 255) (DbType = AnsiString)], CommandType='"Text"', CommandTimeout='30']
SELECT TOP(1) [u].[user_id], [u].[address], [u].[email], [u].[image], [u].[name], [u].[password], [u].[passwordHash], [u].[passwordSalt], [u].[phone_number], [u].[points]
FROM [Users] AS [u]
WHERE [u].[email] = @__model_Email_0
2024-09-07 00:23:36.080 +03:00 [INF] Executing OkObjectResult, writing value of type 'System.String'.
2024-09-07 00:23:36.081 +03:00 [INF] Executed action E_Commerce_Clothes.Controllers.UsersController.Login (E_Commerce_Clothes) in 2427.2982ms
2024-09-07 00:23:36.081 +03:00 [INF] Executed endpoint 'E_Commerce_Clothes.Controllers.UsersController.Login (E_Commerce_Clothes)'
2024-09-07 00:23:36.081 +03:00 [INF] Request finished HTTP/2 POST https://localhost:44319/api/Users/login - 200 null text/plain; charset=utf-8 2435.4953ms
2024-09-07 17:16:34.508 +03:00 [INF] User profile is available. Using 'C:\Users\Orange\AppData\Local\ASP.NET\DataProtection-Keys' as key repository and Windows DPAPI to encrypt keys at rest.
2024-09-07 17:16:34.703 +03:00 [INF] Application started. Press Ctrl+C to shut down.
2024-09-07 17:16:34.703 +03:00 [INF] Hosting environment: Development
2024-09-07 17:16:34.703 +03:00 [INF] Content root path: C:\Users\Orange\Desktop\project-7\Back\E_Commerce_Clothes\E_Commerce_Clothes
2024-09-07 17:16:34.774 +03:00 [INF] Request starting HTTP/2 GET https://localhost:44319/swagger/index.html - null null
2024-09-07 17:16:34.973 +03:00 [INF] Request finished HTTP/2 GET https://localhost:44319/swagger/index.html - 200 null text/html;charset=utf-8 201.6924ms
2024-09-07 17:16:35.015 +03:00 [INF] Request starting HTTP/2 GET https://localhost:44319/_vs/browserLink - null null
2024-09-07 17:16:35.015 +03:00 [INF] Request starting HTTP/2 GET https://localhost:44319/_framework/aspnetcore-browser-refresh.js - null null
2024-09-07 17:16:35.019 +03:00 [INF] Request finished HTTP/2 GET https://localhost:44319/_framework/aspnetcore-browser-refresh.js - 200 13772 application/javascript; charset=utf-8 2.6988ms
2024-09-07 17:16:35.082 +03:00 [INF] Request finished HTTP/2 GET https://localhost:44319/_vs/browserLink - 200 null text/javascript; charset=UTF-8 66.6997ms
2024-09-07 17:16:35.120 +03:00 [INF] Request starting HTTP/2 GET https://localhost:44319/swagger/v1/swagger.json - null null
2024-09-07 17:16:35.218 +03:00 [INF] Request finished HTTP/2 GET https://localhost:44319/swagger/v1/swagger.json - 200 null application/json;charset=utf-8 97.1838ms
2024-09-07 17:24:13.013 +03:00 [INF] User profile is available. Using 'C:\Users\Orange\AppData\Local\ASP.NET\DataProtection-Keys' as key repository and Windows DPAPI to encrypt keys at rest.
2024-09-07 17:24:13.138 +03:00 [INF] Application started. Press Ctrl+C to shut down.
2024-09-07 17:24:13.138 +03:00 [INF] Hosting environment: Development
2024-09-07 17:24:13.141 +03:00 [INF] Content root path: C:\Users\Orange\Desktop\project-7\Back\E_Commerce_Clothes\E_Commerce_Clothes
2024-09-07 17:24:13.166 +03:00 [INF] Request starting HTTP/2 GET https://localhost:44319/swagger/index.html - null null
2024-09-07 17:24:13.350 +03:00 [INF] Request starting HTTP/2 GET https://localhost:44319/_vs/browserLink - null null
2024-09-07 17:24:13.350 +03:00 [INF] Request starting HTTP/2 GET https://localhost:44319/_framework/aspnetcore-browser-refresh.js - null null
2024-09-07 17:24:13.351 +03:00 [INF] Request finished HTTP/2 GET https://localhost:44319/swagger/index.html - 200 null text/html;charset=utf-8 189.89ms
2024-09-07 17:24:13.362 +03:00 [INF] Request finished HTTP/2 GET https://localhost:44319/_framework/aspnetcore-browser-refresh.js - 200 13772 application/javascript; charset=utf-8 4.4034ms
2024-09-07 17:24:13.391 +03:00 [INF] Request finished HTTP/2 GET https://localhost:44319/_vs/browserLink - 200 null text/javascript; charset=UTF-8 41.2195ms
2024-09-07 17:24:13.430 +03:00 [INF] Request starting HTTP/2 GET https://localhost:44319/swagger/v1/swagger.json - null null
2024-09-07 17:24:13.515 +03:00 [INF] Request finished HTTP/2 GET https://localhost:44319/swagger/v1/swagger.json - 200 null application/json;charset=utf-8 85.333ms
2024-09-07 17:24:21.084 +03:00 [INF] Request starting HTTP/2 POST https://localhost:44319/api/Users/login - multipart/form-data; boundary=----WebKitFormBoundarySXv0LNmTJ1WNBpSx 247
2024-09-07 17:24:21.089 +03:00 [INF] CORS policy execution successful.
2024-09-07 17:24:21.168 +03:00 [INF] Executing endpoint 'E_Commerce_Clothes.Controllers.UsersController.Login (E_Commerce_Clothes)'
2024-09-07 17:24:21.182 +03:00 [INF] Route matched with {action = "Login", controller = "Users"}. Executing controller action with signature Microsoft.AspNetCore.Mvc.IActionResult Login(E_Commerce_Clothes.DTO.LoginDTO) on controller E_Commerce_Clothes.Controllers.UsersController (E_Commerce_Clothes).
2024-09-07 17:24:22.238 +03:00 [INF] Executed DbCommand (30ms) [Parameters=[@__model_Email_0='?' (Size = 255) (DbType = AnsiString)], CommandType='"Text"', CommandTimeout='30']
SELECT TOP(1) [u].[user_id], [u].[address], [u].[email], [u].[image], [u].[name], [u].[password], [u].[passwordHash], [u].[passwordSalt], [u].[phone_number], [u].[points]
FROM [Users] AS [u]
WHERE [u].[email] = @__model_Email_0
2024-09-07 17:24:22.251 +03:00 [INF] Executing UnauthorizedObjectResult, writing value of type 'System.String'.
2024-09-07 17:24:22.255 +03:00 [INF] Executed action E_Commerce_Clothes.Controllers.UsersController.Login (E_Commerce_Clothes) in 1071.4679ms
2024-09-07 17:24:22.256 +03:00 [INF] Executed endpoint 'E_Commerce_Clothes.Controllers.UsersController.Login (E_Commerce_Clothes)'
2024-09-07 17:24:22.261 +03:00 [INF] Request finished HTTP/2 POST https://localhost:44319/api/Users/login - 401 null text/plain; charset=utf-8 1176.8726ms
2024-09-07 17:24:33.670 +03:00 [INF] Request starting HTTP/2 POST https://localhost:44319/api/Users/login - multipart/form-data; boundary=----WebKitFormBoundaryOH6zWxjkhoAWlFSs 246
2024-09-07 17:24:33.672 +03:00 [INF] CORS policy execution successful.
2024-09-07 17:24:33.673 +03:00 [INF] Executing endpoint 'E_Commerce_Clothes.Controllers.UsersController.Login (E_Commerce_Clothes)'
2024-09-07 17:24:33.674 +03:00 [INF] Route matched with {action = "Login", controller = "Users"}. Executing controller action with signature Microsoft.AspNetCore.Mvc.IActionResult Login(E_Commerce_Clothes.DTO.LoginDTO) on controller E_Commerce_Clothes.Controllers.UsersController (E_Commerce_Clothes).
2024-09-07 17:24:33.693 +03:00 [INF] Executed DbCommand (1ms) [Parameters=[@__model_Email_0='?' (Size = 255) (DbType = AnsiString)], CommandType='"Text"', CommandTimeout='30']
SELECT TOP(1) [u].[user_id], [u].[address], [u].[email], [u].[image], [u].[name], [u].[password], [u].[passwordHash], [u].[passwordSalt], [u].[phone_number], [u].[points]
FROM [Users] AS [u]
WHERE [u].[email] = @__model_Email_0
