2024-09-06 20:23:18.890 +03:00 [INF] User profile is available. Using 'C:\Users\Orange\AppData\Local\ASP.NET\DataProtection-Keys' as key repository and Windows DPAPI to encrypt keys at rest.
2024-09-06 20:23:19.119 +03:00 [INF] Application started. Press Ctrl+C to shut down.
2024-09-06 20:23:19.120 +03:00 [INF] Hosting environment: Development
2024-09-06 20:23:19.120 +03:00 [INF] Content root path: C:\Users\Orange\Desktop\project-7\Back\E_Commerce_Clothes\E_Commerce_Clothes
2024-09-06 20:23:19.177 +03:00 [INF] Request starting HTTP/2 GET https://localhost:44319/swagger/index.html - null null
2024-09-06 20:23:19.778 +03:00 [INF] Request starting HTTP/2 GET https://localhost:44319/_vs/browserLink - null null
2024-09-06 20:23:19.778 +03:00 [INF] Request starting HTTP/2 GET https://localhost:44319/_framework/aspnetcore-browser-refresh.js - null null
2024-09-06 20:23:19.782 +03:00 [INF] Request finished HTTP/2 GET https://localhost:44319/_framework/aspnetcore-browser-refresh.js - 200 13772 application/javascript; charset=utf-8 3.3256ms
2024-09-06 20:23:19.780 +03:00 [INF] Request finished HTTP/2 GET https://localhost:44319/swagger/index.html - 200 null text/html;charset=utf-8 607.93ms
2024-09-06 20:23:19.809 +03:00 [INF] Request finished HTTP/2 GET https://localhost:44319/_vs/browserLink - 200 null text/javascript; charset=UTF-8 31.2919ms
2024-09-06 20:23:19.947 +03:00 [INF] Request starting HTTP/2 GET https://localhost:44319/swagger/v1/swagger.json - null null
2024-09-06 20:23:20.036 +03:00 [INF] Request finished HTTP/2 GET https://localhost:44319/swagger/v1/swagger.json - 200 null application/json;charset=utf-8 89.1822ms
2024-09-06 20:23:58.289 +03:00 [INF] Request starting HTTP/2 POST https://localhost:44319/api/Users/register - multipart/form-data; boundary=----WebKitFormBoundaryR9wJgWhRrfRXmDRV 448
2024-09-06 20:23:58.393 +03:00 [INF] Executing endpoint 'E_Commerce_Clothes.Controllers.UsersController.Register (E_Commerce_Clothes)'
2024-09-06 20:23:58.410 +03:00 [INF] Route matched with {action = "Register", controller = "Users"}. Executing controller action with signature Microsoft.AspNetCore.Mvc.IActionResult Register(E_Commerce_Clothes.DTO.UserHashDTO) on controller E_Commerce_Clothes.Controllers.UsersController (E_Commerce_Clothes).
2024-09-06 20:23:58.706 +03:00 [INF] Executing ObjectResult, writing value of type 'Microsoft.AspNetCore.Mvc.ProblemDetails'.
2024-09-06 20:23:58.729 +03:00 [INF] Executed action E_Commerce_Clothes.Controllers.UsersController.Register (E_Commerce_Clothes) in 316.4123ms
2024-09-06 20:23:58.730 +03:00 [INF] Executed endpoint 'E_Commerce_Clothes.Controllers.UsersController.Register (E_Commerce_Clothes)'
2024-09-06 20:23:58.732 +03:00 [INF] Request finished HTTP/2 POST https://localhost:44319/api/Users/register - 400 null application/problem+json; charset=utf-8 443.2691ms
2024-09-06 20:29:16.370 +03:00 [INF] User profile is available. Using 'C:\Users\Orange\AppData\Local\ASP.NET\DataProtection-Keys' as key repository and Windows DPAPI to encrypt keys at rest.
2024-09-06 20:29:16.504 +03:00 [INF] Application started. Press Ctrl+C to shut down.
2024-09-06 20:29:16.508 +03:00 [INF] Hosting environment: Development
2024-09-06 20:29:16.508 +03:00 [INF] Content root path: C:\Users\Orange\Desktop\project-7\Back\E_Commerce_Clothes\E_Commerce_Clothes
2024-09-06 20:29:16.529 +03:00 [INF] Request starting HTTP/2 GET https://localhost:44319/swagger/index.html - null null
2024-09-06 20:29:16.709 +03:00 [INF] Request starting HTTP/2 GET https://localhost:44319/_framework/aspnetcore-browser-refresh.js - null null
2024-09-06 20:29:16.707 +03:00 [INF] Request finished HTTP/2 GET https://localhost:44319/swagger/index.html - 200 null text/html;charset=utf-8 182.6165ms
2024-09-06 20:29:16.711 +03:00 [INF] Request starting HTTP/2 GET https://localhost:44319/_vs/browserLink - null null
2024-09-06 20:29:16.715 +03:00 [INF] Request finished HTTP/2 GET https://localhost:44319/_framework/aspnetcore-browser-refresh.js - 200 13772 application/javascript; charset=utf-8 4.8764ms
2024-09-06 20:29:16.751 +03:00 [INF] Request finished HTTP/2 GET https://localhost:44319/_vs/browserLink - 200 null text/javascript; charset=UTF-8 39.5183ms
2024-09-06 20:29:16.855 +03:00 [INF] Request starting HTTP/2 GET https://localhost:44319/swagger/v1/swagger.json - null null
2024-09-06 20:29:16.960 +03:00 [INF] Request finished HTTP/2 GET https://localhost:44319/swagger/v1/swagger.json - 200 null application/json;charset=utf-8 105.1489ms
2024-09-06 20:29:20.005 +03:00 [INF] Request starting HTTP/2 GET https://localhost:44319/api/Users/All/Users - null null
2024-09-06 20:29:20.074 +03:00 [INF] Executing endpoint 'E_Commerce_Clothes.Controllers.UsersController.Get (E_Commerce_Clothes)'
2024-09-06 20:29:20.082 +03:00 [INF] Route matched with {action = "Get", controller = "Users"}. Executing controller action with signature Microsoft.AspNetCore.Mvc.IActionResult Get() on controller E_Commerce_Clothes.Controllers.UsersController (E_Commerce_Clothes).
2024-09-06 20:29:21.299 +03:00 [INF] Executed DbCommand (16ms) [Parameters=[], CommandType='"Text"', CommandTimeout='30']
SELECT [u].[user_id], [u].[address], [u].[email], [u].[image], [u].[name], [u].[password], [u].[passwordHash], [u].[passwordSalt], [u].[phone_number], [u].[points]
FROM [Users] AS [u]
2024-09-06 20:29:21.310 +03:00 [INF] Executing StatusCodeResult, setting HTTP status code 200
2024-09-06 20:29:21.312 +03:00 [INF] Executed action E_Commerce_Clothes.Controllers.UsersController.Get (E_Commerce_Clothes) in 1227.9743ms
2024-09-06 20:29:21.312 +03:00 [INF] Executed endpoint 'E_Commerce_Clothes.Controllers.UsersController.Get (E_Commerce_Clothes)'
2024-09-06 20:29:21.318 +03:00 [INF] Request finished HTTP/2 GET https://localhost:44319/api/Users/All/Users - 200 null null 1313.0897ms
2024-09-06 20:29:49.143 +03:00 [INF] Request starting HTTP/2 POST https://localhost:44319/api/Users/register - multipart/form-data; boundary=----WebKitFormBoundaryBBcLw7VwdUH8DRaN 448
2024-09-06 20:29:49.150 +03:00 [INF] Executing endpoint 'E_Commerce_Clothes.Controllers.UsersController.Register (E_Commerce_Clothes)'
2024-09-06 20:29:49.164 +03:00 [INF] Route matched with {action = "Register", controller = "Users"}. Executing controller action with signature Microsoft.AspNetCore.Mvc.IActionResult Register(E_Commerce_Clothes.DTO.UserHashDTO) on controller E_Commerce_Clothes.Controllers.UsersController (E_Commerce_Clothes).
2024-09-06 20:31:07.671 +03:00 [INF] User profile is available. Using 'C:\Users\Orange\AppData\Local\ASP.NET\DataProtection-Keys' as key repository and Windows DPAPI to encrypt keys at rest.
2024-09-06 20:31:07.792 +03:00 [INF] Application started. Press Ctrl+C to shut down.
2024-09-06 20:31:07.796 +03:00 [INF] Hosting environment: Development
2024-09-06 20:31:07.799 +03:00 [INF] Content root path: C:\Users\Orange\Desktop\project-7\Back\E_Commerce_Clothes\E_Commerce_Clothes
2024-09-06 20:31:07.818 +03:00 [INF] Request starting HTTP/2 GET https://localhost:44319/swagger/index.html - null null
2024-09-06 20:31:07.993 +03:00 [INF] Request starting HTTP/2 GET https://localhost:44319/_framework/aspnetcore-browser-refresh.js - null null
2024-09-06 20:31:07.994 +03:00 [INF] Request starting HTTP/2 GET https://localhost:44319/_vs/browserLink - null null
2024-09-06 20:31:07.994 +03:00 [INF] Request finished HTTP/2 GET https://localhost:44319/swagger/index.html - 200 null text/html;charset=utf-8 177.9948ms
2024-09-06 20:31:07.998 +03:00 [INF] Request finished HTTP/2 GET https://localhost:44319/_framework/aspnetcore-browser-refresh.js - 200 13772 application/javascript; charset=utf-8 3.8822ms
2024-09-06 20:31:08.021 +03:00 [INF] Request finished HTTP/2 GET https://localhost:44319/_vs/browserLink - 200 null text/javascript; charset=UTF-8 26.8621ms
2024-09-06 20:31:08.056 +03:00 [INF] Request starting HTTP/2 GET https://localhost:44319/swagger/v1/swagger.json - null null
2024-09-06 20:31:08.135 +03:00 [INF] Request finished HTTP/2 GET https://localhost:44319/swagger/v1/swagger.json - 200 null application/json;charset=utf-8 78.2332ms
2024-09-06 20:31:16.161 +03:00 [INF] Request starting HTTP/2 POST https://localhost:44319/api/Users/register - multipart/form-data; boundary=----WebKitFormBoundaryV2Aw6oPTX2BMFbwq 448
2024-09-06 20:31:16.205 +03:00 [INF] Executing endpoint 'E_Commerce_Clothes.Controllers.UsersController.Register (E_Commerce_Clothes)'
2024-09-06 20:31:16.220 +03:00 [INF] Route matched with {action = "Register", controller = "Users"}. Executing controller action with signature Microsoft.AspNetCore.Mvc.IActionResult Register(E_Commerce_Clothes.DTO.UserHashDTO) on controller E_Commerce_Clothes.Controllers.UsersController (E_Commerce_Clothes).
2024-09-06 20:32:00.124 +03:00 [INF] Executed DbCommand (85ms) [Parameters=[@p0='?' (Size = 255), @p1='?' (Size = 255) (DbType = AnsiString), @p2='?' (Size = 4000), @p3='?' (Size = 255), @p4='?' (Size = 255), @p5='?' (Size = 8000) (DbType = Binary), @p6='?' (Size = 8000) (DbType = Binary), @p7='?' (Size = 20) (DbType = AnsiString), @p8='?' (DbType = Int32)], CommandType='"Text"', CommandTimeout='30']
SET IMPLICIT_TRANSACTIONS OFF;
SET NOCOUNT ON;
INSERT INTO [Users] ([address], [email], [image], [name], [password], [passwordHash], [passwordSalt], [phone_number], [points])
OUTPUT INSERTED.[user_id]
VALUES (@p0, @p1, @p2, @p3, @p4, @p5, @p6, @p7, @p8);
2024-09-06 20:32:43.103 +03:00 [INF] User profile is available. Using 'C:\Users\Orange\AppData\Local\ASP.NET\DataProtection-Keys' as key repository and Windows DPAPI to encrypt keys at rest.
2024-09-06 20:32:43.217 +03:00 [INF] Application started. Press Ctrl+C to shut down.
2024-09-06 20:32:43.221 +03:00 [INF] Hosting environment: Development
2024-09-06 20:32:43.221 +03:00 [INF] Content root path: C:\Users\Orange\Desktop\project-7\Back\E_Commerce_Clothes\E_Commerce_Clothes
2024-09-06 20:32:43.239 +03:00 [INF] Request starting HTTP/2 GET https://localhost:44319/swagger/index.html - null null
2024-09-06 20:32:43.412 +03:00 [INF] Request starting HTTP/2 GET https://localhost:44319/_vs/browserLink - null null
2024-09-06 20:32:43.412 +03:00 [INF] Request starting HTTP/2 GET https://localhost:44319/_framework/aspnetcore-browser-refresh.js - null null
2024-09-06 20:32:43.412 +03:00 [INF] Request finished HTTP/2 GET https://localhost:44319/swagger/index.html - 200 null text/html;charset=utf-8 176.1698ms
2024-09-06 20:32:43.421 +03:00 [INF] Request finished HTTP/2 GET https://localhost:44319/_framework/aspnetcore-browser-refresh.js - 200 13772 application/javascript; charset=utf-8 5.939ms
2024-09-06 20:32:43.448 +03:00 [INF] Request finished HTTP/2 GET https://localhost:44319/_vs/browserLink - 200 null text/javascript; charset=UTF-8 36.4495ms
2024-09-06 20:32:43.473 +03:00 [INF] Request starting HTTP/2 GET https://localhost:44319/swagger/v1/swagger.json - null null
2024-09-06 20:32:43.551 +03:00 [INF] Request finished HTTP/2 GET https://localhost:44319/swagger/v1/swagger.json - 200 null application/json;charset=utf-8 77.5761ms
2024-09-06 20:32:50.831 +03:00 [INF] Request starting HTTP/2 POST https://localhost:44319/api/Users/login - multipart/form-data; boundary=----WebKitFormBoundaryDc1AyA455AjwAZjr 239
2024-09-06 20:32:50.881 +03:00 [INF] Executing endpoint 'E_Commerce_Clothes.Controllers.UsersController.Login (E_Commerce_Clothes)'
2024-09-06 20:32:50.892 +03:00 [INF] Route matched with {action = "Login", controller = "Users"}. Executing controller action with signature Microsoft.AspNetCore.Mvc.IActionResult Login(E_Commerce_Clothes.DTO.LoginDTO) on controller E_Commerce_Clothes.Controllers.UsersController (E_Commerce_Clothes).
2024-09-06 20:32:57.055 +03:00 [INF] Executed DbCommand (31ms) [Parameters=[@__model_Name_0='?' (Size = 255)], CommandType='"Text"', CommandTimeout='30']
SELECT TOP(1) [u].[user_id], [u].[address], [u].[email], [u].[image], [u].[name], [u].[password], [u].[passwordHash], [u].[passwordSalt], [u].[phone_number], [u].[points]
FROM [Users] AS [u]
WHERE [u].[name] = @__model_Name_0
2024-09-06 20:33:22.094 +03:00 [INF] Executing OkObjectResult, writing value of type 'System.String'.
2024-09-06 20:33:22.097 +03:00 [INF] Executed action E_Commerce_Clothes.Controllers.UsersController.Login (E_Commerce_Clothes) in 31203.0259ms
2024-09-06 20:33:22.097 +03:00 [INF] Executed endpoint 'E_Commerce_Clothes.Controllers.UsersController.Login (E_Commerce_Clothes)'
2024-09-06 20:33:22.102 +03:00 [INF] Request finished HTTP/2 POST https://localhost:44319/api/Users/login - 200 null text/plain; charset=utf-8 31270.7777ms
2024-09-06 20:36:04.239 +03:00 [INF] Request starting HTTP/2 POST https://localhost:44319/api/Users/register - multipart/form-data; boundary=----WebKitFormBoundaryBlqljab1b8ggCU5f 424
2024-09-06 20:36:04.243 +03:00 [INF] Executing endpoint 'E_Commerce_Clothes.Controllers.UsersController.Register (E_Commerce_Clothes)'
2024-09-06 20:36:04.248 +03:00 [INF] Route matched with {action = "Register", controller = "Users"}. Executing controller action with signature Microsoft.AspNetCore.Mvc.IActionResult Register(E_Commerce_Clothes.DTO.UserHashDTO) on controller E_Commerce_Clothes.Controllers.UsersController (E_Commerce_Clothes).
2024-09-06 20:36:04.257 +03:00 [INF] Executing BadRequestObjectResult, writing value of type 'Microsoft.AspNetCore.Mvc.ValidationProblemDetails'.
2024-09-06 20:36:04.275 +03:00 [INF] Executed action E_Commerce_Clothes.Controllers.UsersController.Register (E_Commerce_Clothes) in 27.4392ms
2024-09-06 20:36:04.275 +03:00 [INF] Executed endpoint 'E_Commerce_Clothes.Controllers.UsersController.Register (E_Commerce_Clothes)'
2024-09-06 20:36:04.276 +03:00 [INF] Request finished HTTP/2 POST https://localhost:44319/api/Users/register - 400 null application/problem+json; charset=utf-8 67.2359ms
2024-09-06 21:01:50.963 +03:00 [INF] Request starting HTTP/2 POST https://localhost:44319/api/Users/register - multipart/form-data; boundary=----WebKitFormBoundaryLrseY09MAc00XMSD 432
2024-09-06 21:01:51.013 +03:00 [INF] Executing endpoint 'E_Commerce_Clothes.Controllers.UsersController.Register (E_Commerce_Clothes)'
2024-09-06 21:01:51.014 +03:00 [INF] Route matched with {action = "Register", controller = "Users"}. Executing controller action with signature Microsoft.AspNetCore.Mvc.IActionResult Register(E_Commerce_Clothes.DTO.UserHashDTO) on controller E_Commerce_Clothes.Controllers.UsersController (E_Commerce_Clothes).
2024-09-06 21:01:51.032 +03:00 [INF] Executing BadRequestObjectResult, writing value of type 'Microsoft.AspNetCore.Mvc.ValidationProblemDetails'.
2024-09-06 21:01:51.035 +03:00 [INF] Executed action E_Commerce_Clothes.Controllers.UsersController.Register (E_Commerce_Clothes) in 21.5711ms
2024-09-06 21:01:51.035 +03:00 [INF] Executed endpoint 'E_Commerce_Clothes.Controllers.UsersController.Register (E_Commerce_Clothes)'
2024-09-06 21:01:51.036 +03:00 [INF] Request finished HTTP/2 POST https://localhost:44319/api/Users/register - 499 null application/problem+json; charset=utf-8 73.1029ms
2024-09-06 21:02:22.595 +03:00 [INF] Request starting HTTP/2 POST https://localhost:44319/api/Users/register - multipart/form-data; boundary=----WebKitFormBoundarydFcLk23Z23rGYAYe 432
2024-09-06 21:02:22.627 +03:00 [INF] Executing endpoint 'E_Commerce_Clothes.Controllers.UsersController.Register (E_Commerce_Clothes)'
2024-09-06 21:02:22.628 +03:00 [INF] Route matched with {action = "Register", controller = "Users"}. Executing controller action with signature Microsoft.AspNetCore.Mvc.IActionResult Register(E_Commerce_Clothes.DTO.UserHashDTO) on controller E_Commerce_Clothes.Controllers.UsersController (E_Commerce_Clothes).
2024-09-06 21:04:56.193 +03:00 [INF] User profile is available. Using 'C:\Users\Orange\AppData\Local\ASP.NET\DataProtection-Keys' as key repository and Windows DPAPI to encrypt keys at rest.
2024-09-06 21:04:56.349 +03:00 [INF] Application started. Press Ctrl+C to shut down.
2024-09-06 21:04:56.351 +03:00 [INF] Hosting environment: Development
2024-09-06 21:04:56.355 +03:00 [INF] Content root path: C:\Users\Orange\Desktop\project-7\Back\E_Commerce_Clothes\E_Commerce_Clothes
2024-09-06 21:04:56.383 +03:00 [INF] Request starting HTTP/2 GET https://localhost:44319/swagger/index.html - null null
2024-09-06 21:05:04.526 +03:00 [INF] User profile is available. Using 'C:\Users\Orange\AppData\Local\ASP.NET\DataProtection-Keys' as key repository and Windows DPAPI to encrypt keys at rest.
2024-09-06 21:05:04.709 +03:00 [INF] Application started. Press Ctrl+C to shut down.
2024-09-06 21:05:04.713 +03:00 [INF] Hosting environment: Development
2024-09-06 21:05:04.714 +03:00 [INF] Content root path: C:\Users\Orange\Desktop\project-7\Back\E_Commerce_Clothes\E_Commerce_Clothes
2024-09-06 21:05:04.735 +03:00 [INF] Request starting HTTP/2 GET https://localhost:44319/swagger/index.html - null null
2024-09-06 21:05:04.930 +03:00 [INF] Request finished HTTP/2 GET https://localhost:44319/swagger/index.html - 200 null text/html;charset=utf-8 199.0358ms
2024-09-06 21:05:04.933 +03:00 [INF] Request starting HTTP/2 GET https://localhost:44319/_framework/aspnetcore-browser-refresh.js - null null
2024-09-06 21:05:04.934 +03:00 [INF] Request starting HTTP/2 GET https://localhost:44319/_vs/browserLink - null null
2024-09-06 21:05:04.938 +03:00 [INF] Request finished HTTP/2 GET https://localhost:44319/_framework/aspnetcore-browser-refresh.js - 200 13772 application/javascript; charset=utf-8 4.3868ms
2024-09-06 21:05:04.976 +03:00 [INF] Request finished HTTP/2 GET https://localhost:44319/_vs/browserLink - 200 null text/javascript; charset=UTF-8 42.4203ms
2024-09-06 21:05:05.013 +03:00 [INF] Request starting HTTP/2 GET https://localhost:44319/swagger/v1/swagger.json - null null
2024-09-06 21:05:05.110 +03:00 [INF] Request finished HTTP/2 GET https://localhost:44319/swagger/v1/swagger.json - 200 null application/json;charset=utf-8 96.8751ms
2024-09-06 21:05:44.952 +03:00 [INF] Request starting HTTP/2 POST https://localhost:44319/api/Users/register - multipart/form-data; boundary=----WebKitFormBoundaryjvFAB3mU1nlNdmdp 444
2024-09-06 21:05:45.066 +03:00 [INF] Executing endpoint 'E_Commerce_Clothes.Controllers.UsersController.Register (E_Commerce_Clothes)'
2024-09-06 21:05:45.098 +03:00 [INF] Route matched with {action = "Register", controller = "Users"}. Executing controller action with signature Microsoft.AspNetCore.Mvc.IActionResult Register(E_Commerce_Clothes.DTO.UserHashDTO) on controller E_Commerce_Clothes.Controllers.UsersController (E_Commerce_Clothes).
2024-09-06 21:05:45.284 +03:00 [INF] Executing BadRequestObjectResult, writing value of type 'Microsoft.AspNetCore.Mvc.ValidationProblemDetails'.
2024-09-06 21:05:45.314 +03:00 [INF] Executed action E_Commerce_Clothes.Controllers.UsersController.Register (E_Commerce_Clothes) in 212.9204ms
2024-09-06 21:05:45.315 +03:00 [INF] Executed endpoint 'E_Commerce_Clothes.Controllers.UsersController.Register (E_Commerce_Clothes)'
2024-09-06 21:05:45.316 +03:00 [INF] Request finished HTTP/2 POST https://localhost:44319/api/Users/register - 499 null application/problem+json; charset=utf-8 364.2758ms
2024-09-06 21:07:24.920 +03:00 [INF] Request starting HTTP/2 POST https://localhost:44319/api/Users/register - multipart/form-data; boundary=----WebKitFormBoundaryUBzPKXkl8EV0BpXA 451
2024-09-06 21:07:24.946 +03:00 [INF] Executing endpoint 'E_Commerce_Clothes.Controllers.UsersController.Register (E_Commerce_Clothes)'
2024-09-06 21:07:24.948 +03:00 [INF] Route matched with {action = "Register", controller = "Users"}. Executing controller action with signature Microsoft.AspNetCore.Mvc.IActionResult Register(E_Commerce_Clothes.DTO.UserHashDTO) on controller E_Commerce_Clothes.Controllers.UsersController (E_Commerce_Clothes).
2024-09-06 21:08:34.382 +03:00 [INF] Executed DbCommand (30ms) [Parameters=[@p0='?' (Size = 255), @p1='?' (Size = 255) (DbType = AnsiString), @p2='?' (Size = 4000), @p3='?' (Size = 255), @p4='?' (Size = 255), @p5='?' (Size = 8000) (DbType = Binary), @p6='?' (Size = 8000) (DbType = Binary), @p7='?' (Size = 20) (DbType = AnsiString), @p8='?' (DbType = Int32)], CommandType='"Text"', CommandTimeout='30']
SET IMPLICIT_TRANSACTIONS OFF;
SET NOCOUNT ON;
INSERT INTO [Users] ([address], [email], [image], [name], [password], [passwordHash], [passwordSalt], [phone_number], [points])
OUTPUT INSERTED.[user_id]
VALUES (@p0, @p1, @p2, @p3, @p4, @p5, @p6, @p7, @p8);
2024-09-06 21:08:42.422 +03:00 [INF] Executing OkObjectResult, writing value of type 'E_Commerce_Clothes.Models.User'.
2024-09-06 21:08:42.441 +03:00 [INF] Executed action E_Commerce_Clothes.Controllers.UsersController.Register (E_Commerce_Clothes) in 77493.0249ms
2024-09-06 21:08:42.442 +03:00 [INF] Executed endpoint 'E_Commerce_Clothes.Controllers.UsersController.Register (E_Commerce_Clothes)'
2024-09-06 21:08:42.445 +03:00 [INF] Request finished HTTP/2 POST https://localhost:44319/api/Users/register - 499 null application/json; charset=utf-8 77525.5112ms
2024-09-06 21:17:59.669 +03:00 [INF] User profile is available. Using 'C:\Users\Orange\AppData\Local\ASP.NET\DataProtection-Keys' as key repository and Windows DPAPI to encrypt keys at rest.
2024-09-06 21:17:59.811 +03:00 [INF] Application started. Press Ctrl+C to shut down.
2024-09-06 21:17:59.812 +03:00 [INF] Hosting environment: Development
2024-09-06 21:17:59.812 +03:00 [INF] Content root path: C:\Users\Orange\Desktop\project-7\Back\E_Commerce_Clothes\E_Commerce_Clothes
2024-09-06 21:17:59.839 +03:00 [INF] Request starting HTTP/2 GET https://localhost:44319/swagger/index.html - null null
2024-09-06 21:18:00.070 +03:00 [INF] Request starting HTTP/2 GET https://localhost:44319/_framework/aspnetcore-browser-refresh.js - null null
2024-09-06 21:18:00.067 +03:00 [INF] Request finished HTTP/2 GET https://localhost:44319/swagger/index.html - 200 null text/html;charset=utf-8 231.554ms
2024-09-06 21:18:00.076 +03:00 [INF] Request finished HTTP/2 GET https://localhost:44319/_framework/aspnetcore-browser-refresh.js - 200 13772 application/javascript; charset=utf-8 3.5505ms
2024-09-06 21:18:00.076 +03:00 [INF] Request starting HTTP/2 GET https://localhost:44319/_vs/browserLink - null null
2024-09-06 21:18:00.115 +03:00 [INF] Request finished HTTP/2 GET https://localhost:44319/_vs/browserLink - 200 null text/javascript; charset=UTF-8 38.9221ms
2024-09-06 21:18:00.154 +03:00 [INF] Request starting HTTP/2 GET https://localhost:44319/swagger/v1/swagger.json - null null
2024-09-06 21:18:00.272 +03:00 [INF] Request finished HTTP/2 GET https://localhost:44319/swagger/v1/swagger.json - 200 null application/json;charset=utf-8 118.0222ms
2024-09-06 21:37:44.443 +03:00 [INF] Request starting HTTP/2 POST https://localhost:44319/api/Users/register - multipart/form-data; boundary=----WebKitFormBoundaryi0Nwsz4aLtuu9cdo 448
2024-09-06 21:37:44.583 +03:00 [INF] Executing endpoint 'E_Commerce_Clothes.Controllers.UsersController.Register (E_Commerce_Clothes)'
2024-09-06 21:37:44.636 +03:00 [INF] Route matched with {action = "Register", controller = "Users"}. Executing controller action with signature Microsoft.AspNetCore.Mvc.IActionResult Register(E_Commerce_Clothes.DTO.UserHashDTO) on controller E_Commerce_Clothes.Controllers.UsersController (E_Commerce_Clothes).
2024-09-06 21:37:44.870 +03:00 [INF] Executing BadRequestObjectResult, writing value of type 'Microsoft.AspNetCore.Mvc.ValidationProblemDetails'.
2024-09-06 21:37:44.911 +03:00 [INF] Executed action E_Commerce_Clothes.Controllers.UsersController.Register (E_Commerce_Clothes) in 270.8599ms
2024-09-06 21:37:44.911 +03:00 [INF] Executed endpoint 'E_Commerce_Clothes.Controllers.UsersController.Register (E_Commerce_Clothes)'
2024-09-06 21:37:44.913 +03:00 [INF] Request finished HTTP/2 POST https://localhost:44319/api/Users/register - 499 null application/problem+json; charset=utf-8 478.4152ms
2024-09-06 21:45:23.735 +03:00 [INF] Request starting HTTP/2 POST https://localhost:44319/api/Users/register - multipart/form-data; boundary=----WebKitFormBoundaryAndI66dLSqXeqMfB 481
2024-09-06 21:45:23.741 +03:00 [INF] Executing endpoint 'E_Commerce_Clothes.Controllers.UsersController.Register (E_Commerce_Clothes)'
2024-09-06 21:45:23.743 +03:00 [INF] Route matched with {action = "Register", controller = "Users"}. Executing controller action with signature Microsoft.AspNetCore.Mvc.IActionResult Register(E_Commerce_Clothes.DTO.UserHashDTO) on controller E_Commerce_Clothes.Controllers.UsersController (E_Commerce_Clothes).
2024-09-06 21:45:30.543 +03:00 [INF] Request starting HTTP/2 GET https://localhost:44319/swagger/index.html - null null
2024-09-06 21:45:30.574 +03:00 [INF] Request finished HTTP/2 GET https://localhost:44319/swagger/index.html - 200 null text/html;charset=utf-8 31.0294ms
2024-09-06 21:45:30.591 +03:00 [INF] Request starting HTTP/2 GET https://localhost:44319/_vs/browserLink - null null
2024-09-06 21:45:30.591 +03:00 [INF] Request starting HTTP/2 GET https://localhost:44319/_framework/aspnetcore-browser-refresh.js - null null
2024-09-06 21:45:30.592 +03:00 [INF] Request finished HTTP/2 GET https://localhost:44319/_framework/aspnetcore-browser-refresh.js - 200 13772 application/javascript; charset=utf-8 0.9589ms
2024-09-06 21:45:30.612 +03:00 [INF] Request finished HTTP/2 GET https://localhost:44319/_vs/browserLink - 200 null text/javascript; charset=UTF-8 21.478ms
2024-09-06 21:45:30.762 +03:00 [INF] Executed DbCommand (41ms) [Parameters=[@p0='?' (Size = 255), @p1='?' (Size = 255) (DbType = AnsiString), @p2='?' (Size = 4000), @p3='?' (Size = 255), @p4='?' (Size = 255), @p5='?' (Size = 8000) (DbType = Binary), @p6='?' (Size = 8000) (DbType = Binary), @p7='?' (Size = 20) (DbType = AnsiString), @p8='?' (DbType = Int32)], CommandType='"Text"', CommandTimeout='30']
SET IMPLICIT_TRANSACTIONS OFF;
SET NOCOUNT ON;
INSERT INTO [Users] ([address], [email], [image], [name], [password], [passwordHash], [passwordSalt], [phone_number], [points])
OUTPUT INSERTED.[user_id]
VALUES (@p0, @p1, @p2, @p3, @p4, @p5, @p6, @p7, @p8);
2024-09-06 21:45:30.801 +03:00 [INF] Executing OkObjectResult, writing value of type 'E_Commerce_Clothes.Models.User'.
2024-09-06 21:45:30.826 +03:00 [INF] Executed action E_Commerce_Clothes.Controllers.UsersController.Register (E_Commerce_Clothes) in 7082.8412ms
2024-09-06 21:45:30.827 +03:00 [INF] Executed endpoint 'E_Commerce_Clothes.Controllers.UsersController.Register (E_Commerce_Clothes)'
2024-09-06 21:45:30.833 +03:00 [INF] Request finished HTTP/2 POST https://localhost:44319/api/Users/register - 499 null application/json; charset=utf-8 7119.8133ms
2024-09-06 21:45:30.898 +03:00 [INF] Request starting HTTP/2 GET https://localhost:44319/swagger/v1/swagger.json - null null
2024-09-06 21:45:30.912 +03:00 [INF] Request finished HTTP/2 GET https://localhost:44319/swagger/v1/swagger.json - 200 null application/json;charset=utf-8 14.6697ms
2024-09-06 21:46:40.374 +03:00 [INF] Request starting HTTP/2 POST https://localhost:44319/api/Users/register - multipart/form-data; boundary=----WebKitFormBoundaryXW9KgiSIsb5hMf08 469
2024-09-06 21:46:40.381 +03:00 [INF] Executing endpoint 'E_Commerce_Clothes.Controllers.UsersController.Register (E_Commerce_Clothes)'
2024-09-06 21:46:40.383 +03:00 [INF] Route matched with {action = "Register", controller = "Users"}. Executing controller action with signature Microsoft.AspNetCore.Mvc.IActionResult Register(E_Commerce_Clothes.DTO.UserHashDTO) on controller E_Commerce_Clothes.Controllers.UsersController (E_Commerce_Clothes).
2024-09-06 21:46:42.545 +03:00 [INF] Executed DbCommand (4ms) [Parameters=[@p0='?' (Size = 255), @p1='?' (Size = 255) (DbType = AnsiString), @p2='?' (Size = 4000), @p3='?' (Size = 255), @p4='?' (Size = 255), @p5='?' (Size = 8000) (DbType = Binary), @p6='?' (Size = 8000) (DbType = Binary), @p7='?' (Size = 20) (DbType = AnsiString), @p8='?' (DbType = Int32)], CommandType='"Text"', CommandTimeout='30']
SET IMPLICIT_TRANSACTIONS OFF;
SET NOCOUNT ON;
INSERT INTO [Users] ([address], [email], [image], [name], [password], [passwordHash], [passwordSalt], [phone_number], [points])
OUTPUT INSERTED.[user_id]
VALUES (@p0, @p1, @p2, @p3, @p4, @p5, @p6, @p7, @p8);
2024-09-06 21:46:42.546 +03:00 [INF] Executing OkObjectResult, writing value of type 'E_Commerce_Clothes.Models.User'.
2024-09-06 21:46:42.547 +03:00 [INF] Executed action E_Commerce_Clothes.Controllers.UsersController.Register (E_Commerce_Clothes) in 2163.2866ms
2024-09-06 21:46:42.547 +03:00 [INF] Executed endpoint 'E_Commerce_Clothes.Controllers.UsersController.Register (E_Commerce_Clothes)'
2024-09-06 21:46:42.547 +03:00 [INF] Request finished HTTP/2 POST https://localhost:44319/api/Users/register - 499 null application/json; charset=utf-8 2172.8285ms
2024-09-06 21:48:44.017 +03:00 [INF] Request starting HTTP/2 POST https://localhost:44319/api/Users/register - multipart/form-data; boundary=----WebKitFormBoundaryR3hBUUWYD7RIaN14 468
2024-09-06 21:48:44.019 +03:00 [INF] Executing endpoint 'E_Commerce_Clothes.Controllers.UsersController.Register (E_Commerce_Clothes)'
2024-09-06 21:48:44.020 +03:00 [INF] Route matched with {action = "Register", controller = "Users"}. Executing controller action with signature Microsoft.AspNetCore.Mvc.IActionResult Register(E_Commerce_Clothes.DTO.UserHashDTO) on controller E_Commerce_Clothes.Controllers.UsersController (E_Commerce_Clothes).
2024-09-06 21:49:02.637 +03:00 [INF] Executed DbCommand (2ms) [Parameters=[@p0='?' (Size = 255), @p1='?' (Size = 255) (DbType = AnsiString), @p2='?' (Size = 4000), @p3='?' (Size = 255), @p4='?' (Size = 255), @p5='?' (Size = 8000) (DbType = Binary), @p6='?' (Size = 8000) (DbType = Binary), @p7='?' (Size = 20) (DbType = AnsiString), @p8='?' (DbType = Int32)], CommandType='"Text"', CommandTimeout='30']
SET IMPLICIT_TRANSACTIONS OFF;
SET NOCOUNT ON;
INSERT INTO [Users] ([address], [email], [image], [name], [password], [passwordHash], [passwordSalt], [phone_number], [points])
OUTPUT INSERTED.[user_id]
VALUES (@p0, @p1, @p2, @p3, @p4, @p5, @p6, @p7, @p8);
2024-09-06 21:49:02.637 +03:00 [INF] Executing OkObjectResult, writing value of type 'E_Commerce_Clothes.Models.User'.
2024-09-06 21:49:02.638 +03:00 [INF] Executed action E_Commerce_Clothes.Controllers.UsersController.Register (E_Commerce_Clothes) in 18618.3062ms
2024-09-06 21:49:02.638 +03:00 [INF] Executed endpoint 'E_Commerce_Clothes.Controllers.UsersController.Register (E_Commerce_Clothes)'
2024-09-06 21:49:02.638 +03:00 [INF] Request finished HTTP/2 POST https://localhost:44319/api/Users/register - 499 null application/json; charset=utf-8 18621.3248ms
2024-09-06 22:48:30.364 +03:00 [INF] User profile is available. Using 'C:\Users\Orange\AppData\Local\ASP.NET\DataProtection-Keys' as key repository and Windows DPAPI to encrypt keys at rest.
2024-09-06 22:48:30.438 +03:00 [INF] Application started. Press Ctrl+C to shut down.
2024-09-06 22:48:30.439 +03:00 [INF] Hosting environment: Development
2024-09-06 22:48:30.439 +03:00 [INF] Content root path: C:\Users\Orange\Desktop\project-7\Back\E_Commerce_Clothes\E_Commerce_Clothes
2024-09-06 22:48:30.449 +03:00 [INF] Request starting HTTP/2 GET https://localhost:44319/swagger/index.html - null null
2024-09-06 22:48:30.567 +03:00 [INF] Request finished HTTP/2 GET https://localhost:44319/swagger/index.html - 200 null text/html;charset=utf-8 118.461ms
2024-09-06 22:48:30.570 +03:00 [INF] Request starting HTTP/2 GET https://localhost:44319/_framework/aspnetcore-browser-refresh.js - null null
2024-09-06 22:48:30.573 +03:00 [INF] Request starting HTTP/2 GET https://localhost:44319/_vs/browserLink - null null
2024-09-06 22:48:30.575 +03:00 [INF] Request finished HTTP/2 GET https://localhost:44319/_framework/aspnetcore-browser-refresh.js - 200 13772 application/javascript; charset=utf-8 4.2849ms
2024-09-06 22:48:30.598 +03:00 [INF] Request finished HTTP/2 GET https://localhost:44319/_vs/browserLink - 200 null text/javascript; charset=UTF-8 25.8395ms
2024-09-06 22:48:30.728 +03:00 [INF] Request starting HTTP/2 GET https://localhost:44319/swagger/v1/swagger.json - null null
2024-09-06 22:48:30.804 +03:00 [INF] Request finished HTTP/2 GET https://localhost:44319/swagger/v1/swagger.json - 200 null application/json;charset=utf-8 75.6177ms
2024-09-06 22:48:38.031 +03:00 [INF] Request starting HTTP/2 POST https://localhost:44319/api/Users/login - multipart/form-data; boundary=----WebKitFormBoundarysn8Y0Ai7AK3AjAH6 246
2024-09-06 22:48:38.048 +03:00 [INF] Executing endpoint 'E_Commerce_Clothes.Controllers.UsersController.Login (E_Commerce_Clothes)'
2024-09-06 22:48:38.058 +03:00 [INF] Route matched with {action = "Login", controller = "Users"}. Executing controller action with signature Microsoft.AspNetCore.Mvc.IActionResult Login(E_Commerce_Clothes.DTO.LoginDTO) on controller E_Commerce_Clothes.Controllers.UsersController (E_Commerce_Clothes).
2024-09-06 22:48:38.769 +03:00 [INF] Executed DbCommand (25ms) [Parameters=[@__model_Email_0='?' (Size = 255) (DbType = AnsiString)], CommandType='"Text"', CommandTimeout='30']
SELECT TOP(1) [u].[user_id], [u].[address], [u].[email], [u].[image], [u].[name], [u].[password], [u].[passwordHash], [u].[passwordSalt], [u].[phone_number], [u].[points]
FROM [Users] AS [u]
WHERE [u].[email] = @__model_Email_0
2024-09-06 22:48:38.824 +03:00 [INF] Executing OkObjectResult, writing value of type 'System.String'.
2024-09-06 22:48:38.826 +03:00 [INF] Executed action E_Commerce_Clothes.Controllers.UsersController.Login (E_Commerce_Clothes) in 766.176ms
2024-09-06 22:48:38.826 +03:00 [INF] Executed endpoint 'E_Commerce_Clothes.Controllers.UsersController.Login (E_Commerce_Clothes)'
2024-09-06 22:48:38.831 +03:00 [INF] Request finished HTTP/2 POST https://localhost:44319/api/Users/login - 200 null text/plain; charset=utf-8 800.5268ms
2024-09-06 23:35:54.538 +03:00 [INF] User profile is available. Using 'C:\Users\Orange\AppData\Local\ASP.NET\DataProtection-Keys' as key repository and Windows DPAPI to encrypt keys at rest.
2024-09-06 23:35:54.656 +03:00 [INF] Application started. Press Ctrl+C to shut down.
2024-09-06 23:35:54.660 +03:00 [INF] Hosting environment: Development
2024-09-06 23:35:54.660 +03:00 [INF] Content root path: C:\Users\Orange\Desktop\project-7\Back\E_Commerce_Clothes\E_Commerce_Clothes
2024-09-06 23:35:54.694 +03:00 [INF] Request starting HTTP/2 GET https://localhost:44319/swagger/index.html - null null
2024-09-06 23:35:54.876 +03:00 [INF] Request finished HTTP/2 GET https://localhost:44319/swagger/index.html - 200 null text/html;charset=utf-8 188.3279ms
2024-09-06 23:35:54.882 +03:00 [INF] Request starting HTTP/2 GET https://localhost:44319/_framework/aspnetcore-browser-refresh.js - null null
2024-09-06 23:35:54.882 +03:00 [INF] Request starting HTTP/2 GET https://localhost:44319/_vs/browserLink - null null
2024-09-06 23:35:54.897 +03:00 [INF] Request finished HTTP/2 GET https://localhost:44319/_framework/aspnetcore-browser-refresh.js - 200 13772 application/javascript; charset=utf-8 11.0636ms
2024-09-06 23:35:54.933 +03:00 [INF] Request finished HTTP/2 GET https://localhost:44319/_vs/browserLink - 200 null text/javascript; charset=UTF-8 50.6921ms
2024-09-06 23:35:54.966 +03:00 [INF] Request starting HTTP/2 GET https://localhost:44319/swagger/v1/swagger.json - null null
2024-09-06 23:35:55.053 +03:00 [INF] Request finished HTTP/2 GET https://localhost:44319/swagger/v1/swagger.json - 200 null application/json;charset=utf-8 87.1033ms
2024-09-06 23:44:57.641 +03:00 [INF] Request starting HTTP/2 POST https://localhost:44319/api/Users/login - multipart/form-data; boundary=----WebKitFormBoundaryXShv7yiOwRHK5LzR 246
2024-09-06 23:44:57.722 +03:00 [INF] Executing endpoint 'E_Commerce_Clothes.Controllers.UsersController.Login (E_Commerce_Clothes)'
2024-09-06 23:44:57.736 +03:00 [INF] Route matched with {action = "Login", controller = "Users"}. Executing controller action with signature Microsoft.AspNetCore.Mvc.IActionResult Login(E_Commerce_Clothes.DTO.LoginDTO) on controller E_Commerce_Clothes.Controllers.UsersController (E_Commerce_Clothes).
2024-09-06 23:45:10.510 +03:00 [INF] Executed DbCommand (30ms) [Parameters=[@__model_Email_0='?' (Size = 255) (DbType = AnsiString)], CommandType='"Text"', CommandTimeout='30']
SELECT TOP(1) [u].[user_id], [u].[address], [u].[email], [u].[image], [u].[name], [u].[password], [u].[passwordHash], [u].[passwordSalt], [u].[phone_number], [u].[points]
FROM [Users] AS [u]
WHERE [u].[email] = @__model_Email_0
2024-09-06 23:45:16.866 +03:00 [INF] Executing OkObjectResult, writing value of type 'System.String'.
2024-09-06 23:45:16.872 +03:00 [INF] Executed action E_Commerce_Clothes.Controllers.UsersController.Login (E_Commerce_Clothes) in 19131.2152ms
2024-09-06 23:45:16.872 +03:00 [INF] Executed endpoint 'E_Commerce_Clothes.Controllers.UsersController.Login (E_Commerce_Clothes)'
2024-09-06 23:45:16.877 +03:00 [INF] Request finished HTTP/2 POST https://localhost:44319/api/Users/login - 200 null text/plain; charset=utf-8 19238.0247ms
2024-09-06 23:45:25.567 +03:00 [INF] Request starting HTTP/2 POST https://localhost:44319/api/Users/login - multipart/form-data; boundary=----WebKitFormBoundaryE5q9Cb3gFRAzZnu5 246
2024-09-06 23:45:25.570 +03:00 [INF] Executing endpoint 'E_Commerce_Clothes.Controllers.UsersController.Login (E_Commerce_Clothes)'
2024-09-06 23:45:25.570 +03:00 [INF] Route matched with {action = "Login", controller = "Users"}. Executing controller action with signature Microsoft.AspNetCore.Mvc.IActionResult Login(E_Commerce_Clothes.DTO.LoginDTO) on controller E_Commerce_Clothes.Controllers.UsersController (E_Commerce_Clothes).
2024-09-06 23:45:30.118 +03:00 [INF] Executed DbCommand (2ms) [Parameters=[@__model_Email_0='?' (Size = 255) (DbType = AnsiString)], CommandType='"Text"', CommandTimeout='30']
SELECT TOP(1) [u].[user_id], [u].[address], [u].[email], [u].[image], [u].[name], [u].[password], [u].[passwordHash], [u].[passwordSalt], [u].[phone_number], [u].[points]
FROM [Users] AS [u]
WHERE [u].[email] = @__model_Email_0
2024-09-06 23:58:30.182 +03:00 [INF] Executing OkObjectResult, writing value of type 'System.String'.
2024-09-06 23:58:30.194 +03:00 [INF] Executed action E_Commerce_Clothes.Controllers.UsersController.Login (E_Commerce_Clothes) in 784622.4206ms
2024-09-06 23:58:30.216 +03:00 [INF] Executed endpoint 'E_Commerce_Clothes.Controllers.UsersController.Login (E_Commerce_Clothes)'
2024-09-06 23:58:30.239 +03:00 [INF] Request finished HTTP/2 POST https://localhost:44319/api/Users/login - 200 null text/plain; charset=utf-8 784650.6135ms
2024-09-06 23:58:35.278 +03:00 [INF] Request starting HTTP/2 POST https://localhost:44319/api/Users/login - multipart/form-data; boundary=----WebKitFormBoundaryEX65wMbFh1WmhFVu 246
2024-09-06 23:58:35.280 +03:00 [INF] Executing endpoint 'E_Commerce_Clothes.Controllers.UsersController.Login (E_Commerce_Clothes)'
2024-09-06 23:58:35.281 +03:00 [INF] Route matched with {action = "Login", controller = "Users"}. Executing controller action with signature Microsoft.AspNetCore.Mvc.IActionResult Login(E_Commerce_Clothes.DTO.LoginDTO) on controller E_Commerce_Clothes.Controllers.UsersController (E_Commerce_Clothes).
2024-09-06 23:59:11.816 +03:00 [INF] User profile is available. Using 'C:\Users\Orange\AppData\Local\ASP.NET\DataProtection-Keys' as key repository and Windows DPAPI to encrypt keys at rest.
2024-09-06 23:59:11.987 +03:00 [INF] Application started. Press Ctrl+C to shut down.
2024-09-06 23:59:11.990 +03:00 [INF] Hosting environment: Development
2024-09-06 23:59:11.996 +03:00 [INF] Content root path: C:\Users\Orange\Desktop\project-7\Back\E_Commerce_Clothes\E_Commerce_Clothes
2024-09-06 23:59:12.036 +03:00 [INF] Request starting HTTP/2 GET https://localhost:44319/swagger/index.html - null null
2024-09-06 23:59:12.036 +03:00 [INF] Request starting HTTP/2 POST https://localhost:44319/api/Users/login - multipart/form-data; boundary=----WebKitFormBoundaryjPXAXbraq8GZnKvT 246
2024-09-06 23:59:12.036 +03:00 [INF] Request starting HTTP/2 POST https://localhost:44319/api/Users/login - multipart/form-data; boundary=----WebKitFormBoundary6GvRBF5z5NqI8RBo 246
2024-09-06 23:59:12.036 +03:00 [INF] Request starting HTTP/2 POST https://localhost:44319/api/Users/login - multipart/form-data; boundary=----WebKitFormBoundaryAjUdeFNgxic8uZAo 246
2024-09-06 23:59:12.036 +03:00 [INF] Request starting HTTP/2 POST https://localhost:44319/api/Users/login - multipart/form-data; boundary=----WebKitFormBoundaryLGVz46jYhxYT69Tp 246
2024-09-06 23:59:12.166 +03:00 [INF] Executing endpoint 'E_Commerce_Clothes.Controllers.UsersController.Login (E_Commerce_Clothes)'
2024-09-06 23:59:12.166 +03:00 [INF] Executing endpoint 'E_Commerce_Clothes.Controllers.UsersController.Login (E_Commerce_Clothes)'
2024-09-06 23:59:12.166 +03:00 [INF] Executing endpoint 'E_Commerce_Clothes.Controllers.UsersController.Login (E_Commerce_Clothes)'
2024-09-06 23:59:12.166 +03:00 [INF] Executing endpoint 'E_Commerce_Clothes.Controllers.UsersController.Login (E_Commerce_Clothes)'
2024-09-06 23:59:12.189 +03:00 [INF] Route matched with {action = "Login", controller = "Users"}. Executing controller action with signature Microsoft.AspNetCore.Mvc.IActionResult Login(E_Commerce_Clothes.DTO.LoginDTO) on controller E_Commerce_Clothes.Controllers.UsersController (E_Commerce_Clothes).
2024-09-06 23:59:12.189 +03:00 [INF] Route matched with {action = "Login", controller = "Users"}. Executing controller action with signature Microsoft.AspNetCore.Mvc.IActionResult Login(E_Commerce_Clothes.DTO.LoginDTO) on controller E_Commerce_Clothes.Controllers.UsersController (E_Commerce_Clothes).
2024-09-06 23:59:12.189 +03:00 [INF] Route matched with {action = "Login", controller = "Users"}. Executing controller action with signature Microsoft.AspNetCore.Mvc.IActionResult Login(E_Commerce_Clothes.DTO.LoginDTO) on controller E_Commerce_Clothes.Controllers.UsersController (E_Commerce_Clothes).
2024-09-06 23:59:12.189 +03:00 [INF] Route matched with {action = "Login", controller = "Users"}. Executing controller action with signature Microsoft.AspNetCore.Mvc.IActionResult Login(E_Commerce_Clothes.DTO.LoginDTO) on controller E_Commerce_Clothes.Controllers.UsersController (E_Commerce_Clothes).
2024-09-06 23:59:12.362 +03:00 [INF] Request starting HTTP/2 GET https://localhost:44319/_vs/browserLink - null null
2024-09-06 23:59:12.362 +03:00 [INF] Request finished HTTP/2 GET https://localhost:44319/swagger/index.html - 200 null text/html;charset=utf-8 336.0075ms
2024-09-06 23:59:12.369 +03:00 [INF] Request starting HTTP/2 GET https://localhost:44319/_framework/aspnetcore-browser-refresh.js - null null
2024-09-06 23:59:12.377 +03:00 [INF] Request finished HTTP/2 GET https://localhost:44319/_framework/aspnetcore-browser-refresh.js - 200 13772 application/javascript; charset=utf-8 8.1522ms
2024-09-06 23:59:12.430 +03:00 [INF] Request finished HTTP/2 GET https://localhost:44319/_vs/browserLink - 200 null text/javascript; charset=UTF-8 68.1095ms
2024-09-06 23:59:12.490 +03:00 [INF] Request starting HTTP/2 GET https://localhost:44319/swagger/v1/swagger.json - null null
2024-09-06 23:59:12.609 +03:00 [INF] Request finished HTTP/2 GET https://localhost:44319/swagger/v1/swagger.json - 200 null application/json;charset=utf-8 119.4536ms
2024-09-06 23:59:13.426 +03:00 [INF] Executed DbCommand (24ms) [Parameters=[@__model_Email_0='?' (Size = 255) (DbType = AnsiString)], CommandType='"Text"', CommandTimeout='30']
SELECT TOP(1) [u].[user_id], [u].[address], [u].[email], [u].[image], [u].[name], [u].[password], [u].[passwordHash], [u].[passwordSalt], [u].[phone_number], [u].[points]
FROM [Users] AS [u]
WHERE [u].[email] = @__model_Email_0
2024-09-06 23:59:13.426 +03:00 [INF] Executed DbCommand (24ms) [Parameters=[@__model_Email_0='?' (Size = 255) (DbType = AnsiString)], CommandType='"Text"', CommandTimeout='30']
SELECT TOP(1) [u].[user_id], [u].[address], [u].[email], [u].[image], [u].[name], [u].[password], [u].[passwordHash], [u].[passwordSalt], [u].[phone_number], [u].[points]
FROM [Users] AS [u]
WHERE [u].[email] = @__model_Email_0
2024-09-06 23:59:13.426 +03:00 [INF] Executed DbCommand (24ms) [Parameters=[@__model_Email_0='?' (Size = 255) (DbType = AnsiString)], CommandType='"Text"', CommandTimeout='30']
SELECT TOP(1) [u].[user_id], [u].[address], [u].[email], [u].[image], [u].[name], [u].[password], [u].[passwordHash], [u].[passwordSalt], [u].[phone_number], [u].[points]
FROM [Users] AS [u]
WHERE [u].[email] = @__model_Email_0
2024-09-06 23:59:13.426 +03:00 [INF] Executed DbCommand (24ms) [Parameters=[@__model_Email_0='?' (Size = 255) (DbType = AnsiString)], CommandType='"Text"', CommandTimeout='30']
SELECT TOP(1) [u].[user_id], [u].[address], [u].[email], [u].[image], [u].[name], [u].[password], [u].[passwordHash], [u].[passwordSalt], [u].[phone_number], [u].[points]
FROM [Users] AS [u]
WHERE [u].[email] = @__model_Email_0
2024-09-06 23:59:13.487 +03:00 [INF] Executing OkObjectResult, writing value of type 'System.String'.
2024-09-06 23:59:13.487 +03:00 [INF] Executing OkObjectResult, writing value of type 'System.String'.
2024-09-06 23:59:13.487 +03:00 [INF] Executing OkObjectResult, writing value of type 'System.String'.
2024-09-06 23:59:13.487 +03:00 [INF] Executing OkObjectResult, writing value of type 'System.String'.
2024-09-06 23:59:13.494 +03:00 [INF] Executed action E_Commerce_Clothes.Controllers.UsersController.Login (E_Commerce_Clothes) in 1299.6314ms
2024-09-06 23:59:13.495 +03:00 [INF] Executed action E_Commerce_Clothes.Controllers.UsersController.Login (E_Commerce_Clothes) in 1305.2361ms
2024-09-06 23:59:13.495 +03:00 [INF] Executed endpoint 'E_Commerce_Clothes.Controllers.UsersController.Login (E_Commerce_Clothes)'
2024-09-06 23:59:13.495 +03:00 [INF] Executed endpoint 'E_Commerce_Clothes.Controllers.UsersController.Login (E_Commerce_Clothes)'
2024-09-06 23:59:13.495 +03:00 [INF] Executed action E_Commerce_Clothes.Controllers.UsersController.Login (E_Commerce_Clothes) in 1305.6959ms
2024-09-06 23:59:13.495 +03:00 [INF] Executed endpoint 'E_Commerce_Clothes.Controllers.UsersController.Login (E_Commerce_Clothes)'
2024-09-06 23:59:13.495 +03:00 [INF] Executed action E_Commerce_Clothes.Controllers.UsersController.Login (E_Commerce_Clothes) in 1305.8291ms
2024-09-06 23:59:13.495 +03:00 [INF] Executed endpoint 'E_Commerce_Clothes.Controllers.UsersController.Login (E_Commerce_Clothes)'
2024-09-06 23:59:13.500 +03:00 [INF] Request finished HTTP/2 POST https://localhost:44319/api/Users/login - 200 null text/plain; charset=utf-8 1475.2757ms
2024-09-06 23:59:13.500 +03:00 [INF] Request finished HTTP/2 POST https://localhost:44319/api/Users/login - 200 null text/plain; charset=utf-8 1475.2412ms
2024-09-06 23:59:13.500 +03:00 [INF] Request finished HTTP/2 POST https://localhost:44319/api/Users/login - 200 null text/plain; charset=utf-8 1475.2473ms
2024-09-06 23:59:13.500 +03:00 [INF] Request finished HTTP/2 POST https://localhost:44319/api/Users/login - 200 null text/plain; charset=utf-8 1475.2758ms
